Using pre-set license
Built from '2021.3/staging' branch; Version is '2021.3.8f1 (b30333d56e81) revision 11731763'; Using compiler version '192829333'; Build Type 'Release'
OS: 'Windows 10  (10.0.19044) 64bit Education' Language: 'en' Physical Memory: 32601 MB
BatchMode: 1, IsHumanControllingUs: 0, StartBugReporterOnCrash: 0, Is64bit: 1, IsPro: 1

COMMAND LINE ARGUMENTS:
C:\Program Files\Unity\Hub\Editor\2021.3.8f1\Editor\Unity.exe
-adb2
-batchMode
-noUpm
-name
AssetImportWorker0
-projectPath
C:/Documents/EAE6100 Rapid Prototyping/Project1/Arcade-Game-Team-8/Frogger
-logFile
Logs/AssetImportWorker0.log
-srvPort
61641
Successfully changed project path to: C:/Documents/EAE6100 Rapid Prototyping/Project1/Arcade-Game-Team-8/Frogger
C:/Documents/EAE6100 Rapid Prototyping/Project1/Arcade-Game-Team-8/Frogger
[UnityMemory] Configuration Parameters - Can be set up in boot.config
    "memorysetup-bucket-allocator-granularity=16"
    "memorysetup-bucket-allocator-bucket-count=8"
    "memorysetup-bucket-allocator-block-size=33554432"
    "memorysetup-bucket-allocator-block-count=8"
    "memorysetup-main-allocator-block-size=16777216"
    "memorysetup-thread-allocator-block-size=16777216"
    "memorysetup-gfx-main-allocator-block-size=16777216"
    "memorysetup-gfx-thread-allocator-block-size=16777216"
    "memorysetup-cache-allocator-block-size=4194304"
    "memorysetup-typetree-allocator-block-size=2097152"
    "memorysetup-profiler-bucket-allocator-granularity=16"
    "memorysetup-profiler-bucket-allocator-bucket-count=8"
    "memorysetup-profiler-bucket-allocator-block-size=33554432"
    "memorysetup-profiler-bucket-allocator-block-count=8"
    "memorysetup-profiler-allocator-block-size=16777216"
    "memorysetup-profiler-editor-allocator-block-size=1048576"
    "memorysetup-temp-allocator-size-main=16777216"
    "memorysetup-job-temp-allocator-block-size=2097152"
    "memorysetup-job-temp-allocator-block-size-background=1048576"
    "memorysetup-job-temp-allocator-reduction-small-platforms=262144"
    "memorysetup-temp-allocator-size-background-worker=32768"
    "memorysetup-temp-allocator-size-job-worker=262144"
    "memorysetup-temp-allocator-size-preload-manager=33554432"
    "memorysetup-temp-allocator-size-nav-mesh-worker=65536"
    "memorysetup-temp-allocator-size-audio-worker=65536"
    "memorysetup-temp-allocator-size-cloud-worker=32768"
    "memorysetup-temp-allocator-size-gi-baking-worker=262144"
    "memorysetup-temp-allocator-size-gfx=262144"
Refreshing native plugins compatible for Editor in 82.44 ms, found 4 plugins.
Preloading 0 native plugins for Editor in 0.00 ms.
Initialize engine version: 2021.3.8f1 (b30333d56e81)
[Subsystems] Discovering subsystems at path C:/Program Files/Unity/Hub/Editor/2021.3.8f1/Editor/Data/Resources/UnitySubsystems
[Subsystems] Discovering subsystems at path C:/Documents/EAE6100 Rapid Prototyping/Project1/Arcade-Game-Team-8/Frogger/Assets
GfxDevice: creating device client; threaded=0; jobified=0
Direct3D:
    Version:  Direct3D 11.0 [level 11.1]
    Renderer: NVIDIA GeForce RTX 3070 (ID=0x2484)
    Vendor:   NVIDIA
    VRAM:     8043 MB
    Driver:   31.0.15.1659
Initialize mono
Mono path[0] = 'C:/Program Files/Unity/Hub/Editor/2021.3.8f1/Editor/Data/Managed'
Mono path[1] = 'C:/Program Files/Unity/Hub/Editor/2021.3.8f1/Editor/Data/MonoBleedingEdge/lib/mono/unityjit-win32'
Mono config path = 'C:/Program Files/Unity/Hub/Editor/2021.3.8f1/Editor/Data/MonoBleedingEdge/etc'
Using monoOptions --debugger-agent=transport=dt_socket,embedding=1,server=y,suspend=n,address=127.0.0.1:56072
Begin MonoManager ReloadAssembly
Registering precompiled unity dll's ...
Register platform support module: C:/Program Files/Unity/Hub/Editor/2021.3.8f1/Editor/Data/PlaybackEngines/WebGLSupport/UnityEditor.WebGL.Extensions.dll
Register platform support module: C:/Program Files/Unity/Hub/Editor/2021.3.8f1/Editor/Data/PlaybackEngines/AndroidPlayer/UnityEditor.Android.Extensions.dll
Register platform support module: C:/Program Files/Unity/Hub/Editor/2021.3.8f1/Editor/Data/PlaybackEngines/iOSSupport/UnityEditor.iOS.Extensions.dll
Register platform support module: C:/Program Files/Unity/Hub/Editor/2021.3.8f1/Editor/Data/PlaybackEngines/WindowsStandaloneSupport/UnityEditor.WindowsStandalone.Extensions.dll
Registered in 0.005811 seconds.
Native extension for WindowsStandalone target not found
[usbmuxd] Start listen thread
[usbmuxd] Listen thread started
Native extension for iOS target not found
Native extension for Android target not found
Native extension for WebGL target not found
Refreshing native plugins compatible for Editor in 74.28 ms, found 4 plugins.
Preloading 0 native plugins for Editor in 0.00 ms.
Mono: successfully reloaded assembly
- Completed reload, in  0.562 seconds
Domain Reload Profiling:
	ReloadAssembly (562ms)
		BeginReloadAssembly (57ms)
			ExecutionOrderSort (0ms)
			DisableScriptedObjects (0ms)
			BackupInstance (0ms)
			ReleaseScriptingObjects (0ms)
			CreateAndSetChildDomain (1ms)
		EndReloadAssembly (409ms)
			LoadAssemblies (56ms)
			RebuildTransferFunctionScriptingTraits (0ms)
			SetupTypeCache (96ms)
			ReleaseScriptCaches (0ms)
			RebuildScriptCaches (23ms)
			SetupLoadedEditorAssemblies (245ms)
				LogAssemblyErrors (0ms)
				InitializePlatformSupportModulesInManaged (55ms)
				SetLoadedEditorAssemblies (0ms)
				RefreshPlugins (74ms)
				BeforeProcessingInitializeOnLoad (1ms)
				ProcessInitializeOnLoadAttributes (80ms)
				ProcessInitializeOnLoadMethodAttributes (35ms)
				AfterProcessingInitializeOnLoad (0ms)
				EditorAssembliesLoaded (0ms)
			ExecutionOrderSort2 (0ms)
			AwakeInstancesAfterBackupRestoration (0ms)
Platform modules already initialized, skipping
Registering precompiled user dll's ...
Registered in 0.007407 seconds.
Begin MonoManager ReloadAssembly
Symbol file LoadedFromMemory doesn't match image C:\Documents\EAE6100 Rapid Prototyping\Project1\Arcade-Game-Team-8\Frogger\Library\PackageCache\com.unity.visualscripting@1.7.8\Editor\VisualScripting.Core\Dependencies\YamlDotNet\Unity.VisualScripting.YamlDotNet.dll
Symbol file LoadedFromMemory doesn't match image C:\Documents\EAE6100 Rapid Prototyping\Project1\Arcade-Game-Team-8\Frogger\Library\PackageCache\com.unity.visualscripting@1.7.8\Editor\VisualScripting.Core\Dependencies\DotNetZip\Unity.VisualScripting.IonicZip.dll
Native extension for WindowsStandalone target not found
Native extension for iOS target not found
Native extension for Android target not found
Native extension for WebGL target not found
Refreshing native plugins compatible for Editor in 75.04 ms, found 4 plugins.
Preloading 0 native plugins for Editor in 0.00 ms.
Mono: successfully reloaded assembly
- Completed reload, in  1.086 seconds
Domain Reload Profiling:
	ReloadAssembly (1087ms)
		BeginReloadAssembly (199ms)
			ExecutionOrderSort (0ms)
			DisableScriptedObjects (5ms)
			BackupInstance (0ms)
			ReleaseScriptingObjects (0ms)
			CreateAndSetChildDomain (123ms)
		EndReloadAssembly (787ms)
			LoadAssemblies (69ms)
			RebuildTransferFunctionScriptingTraits (0ms)
			SetupTypeCache (208ms)
			ReleaseScriptCaches (1ms)
			RebuildScriptCaches (50ms)
			SetupLoadedEditorAssemblies (415ms)
				LogAssemblyErrors (0ms)
				InitializePlatformSupportModulesInManaged (19ms)
				SetLoadedEditorAssemblies (0ms)
				RefreshPlugins (75ms)
				BeforeProcessingInitializeOnLoad (84ms)
				ProcessInitializeOnLoadAttributes (198ms)
				ProcessInitializeOnLoadMethodAttributes (34ms)
				AfterProcessingInitializeOnLoad (5ms)
				EditorAssembliesLoaded (0ms)
			ExecutionOrderSort2 (0ms)
			AwakeInstancesAfterBackupRestoration (4ms)
Platform modules already initialized, skipping
========================================================================
Worker process is ready to serve import requests
Launched and connected shader compiler UnityShaderCompiler.exe after 0.03 seconds
Refreshing native plugins compatible for Editor in 0.61 ms, found 4 plugins.
Preloading 0 native plugins for Editor in 0.00 ms.
Unloading 4066 Unused Serialized files (Serialized files now loaded: 0)
Unloading 44 unused Assets / (222.5 KB). Loaded Objects now: 4518.
Memory consumption went from 152.5 MB to 152.3 MB.
Total: 2.703900 ms (FindLiveObjects: 0.295700 ms CreateObjectMapping: 0.277500 ms MarkObjects: 2.010400 ms  DeleteObjects: 0.119600 ms)

AssetImportParameters requested are different than current active one (requested -> active):
  custom:video-decoder-ogg-theora: a1e56fd34408186e4bbccfd4996cb3dc -> 
  custom:container-muxer-webm: aa71ff27fc2769a1b78a27578f13a17b -> 
  custom:container-demuxer-webm: 4f35f7cbe854078d1ac9338744f61a02 -> 
  custom:video-encoder-webm-vp8: eb34c28f22e8b96e1ab97ce403110664 -> 
  custom:video-codec-MediaFoundation-h265: 746d11721c4dcdbdad8f713fa42b33f4 -> 
  custom:audio-encoder-webm-vorbis: bf7c407c2cedff20999df2af8eb42d56 -> 
  custom:framework-win-MediaFoundation: 216162199b28c13a410421893ffa2e32 -> 
  custom:container-demuxer-ogg: 62fdf1f143b41e24485cea50d1cbac27 -> 
  custom:video-decoder-webm-vp8: 9c59270c3fd7afecdb556c50c9e8de78 -> 
  custom:audio-decoder-ogg-vorbis: bf7c407c2cedff20999df2af8eb42d56 -> 
========================================================================
Received Import Request.
  Time since last request: 191311.063160 seconds.
  path: Assets/Art
  artifactKey: Guid(467ab5f65088d3d4e8aa1ddeff71d32b) Importer(815301076,1909f56bfc062723c751e8b465ee728b)
Start importing Assets/Art using Guid(467ab5f65088d3d4e8aa1ddeff71d32b) Importer(815301076,1909f56bfc062723c751e8b465ee728b)  -> (artifact id: '6b852366140f72cc5f9c46a9f5dc3b7e') in 0.009445 seconds 
========================================================================
Received Import Request.
  Time since last request: 12.871256 seconds.
  path: Assets/Art/Sprites
  artifactKey: Guid(5eec1c6ce873361498f3954eee9f84ab) Importer(815301076,1909f56bfc062723c751e8b465ee728b)
Start importing Assets/Art/Sprites using Guid(5eec1c6ce873361498f3954eee9f84ab) Importer(815301076,1909f56bfc062723c751e8b465ee728b)  -> (artifact id: 'b62efd102463c5f21be8bff14aac6d9e') in 0.004694 seconds 
========================================================================
Received Import Request.
  Time since last request: 6.440910 seconds.
  path: Assets/Art/Tiles
  artifactKey: Guid(bcf04b4d3200cc84ab41a674fd44c08e) Importer(815301076,1909f56bfc062723c751e8b465ee728b)
Start importing Assets/Art/Tiles using Guid(bcf04b4d3200cc84ab41a674fd44c08e) Importer(815301076,1909f56bfc062723c751e8b465ee728b)  -> (artifact id: '1d8b0201554a9ea5fc550ac017d73321') in 0.005014 seconds 
========================================================================
Received Import Request.
  Time since last request: 99.182488 seconds.
  path: Assets/Scenes/SampleScene.unity
  artifactKey: Guid(2cda990e2423bbf4892e6590ba056729) Importer(815301076,1909f56bfc062723c751e8b465ee728b)
Start importing Assets/Scenes/SampleScene.unity using Guid(2cda990e2423bbf4892e6590ba056729) Importer(815301076,1909f56bfc062723c751e8b465ee728b)  -> (artifact id: 'e24c38ded777c6eac716cf6ee885caa1') in 0.005306 seconds 
========================================================================
Received Import Request.
  Time since last request: 15.087076 seconds.
  path: Assets/Art/TilePalette
  artifactKey: Guid(92872dc4827eb434c94ff550f4b72283) Importer(815301076,1909f56bfc062723c751e8b465ee728b)
Start importing Assets/Art/TilePalette using Guid(92872dc4827eb434c94ff550f4b72283) Importer(815301076,1909f56bfc062723c751e8b465ee728b)  -> (artifact id: '392ebb539e456f0b52a9aca47904ddcc') in 0.004875 seconds 
========================================================================
Received Import Request.
  Time since last request: 89.785112 seconds.
  path: Assets/Art/Sprites/FloorBricksToGrassCorner.png
  artifactKey: Guid(fbea5edb44d245247a127c3ee097961c) Importer(815301076,1909f56bfc062723c751e8b465ee728b)
Start importing Assets/Art/Sprites/FloorBricksToGrassCorner.png using Guid(fbea5edb44d245247a127c3ee097961c) Importer(815301076,1909f56bfc062723c751e8b465ee728b)  -> (artifact id: 'ff50012cf4ed19a1e70d2ba62b3d0ae9') in 0.093940 seconds 
========================================================================
Received Import Request.
  Time since last request: 15.262420 seconds.
  path: Assets/Art/Sprites/FloorBricksToGrassCorner.png
  artifactKey: Guid(fbea5edb44d245247a127c3ee097961c) Importer(815301076,1909f56bfc062723c751e8b465ee728b)
Start importing Assets/Art/Sprites/FloorBricksToGrassCorner.png using Guid(fbea5edb44d245247a127c3ee097961c) Importer(815301076,1909f56bfc062723c751e8b465ee728b)  -> (artifact id: '72e825de585778fcabbdacfe0da36377') in 0.011469 seconds 
========================================================================
Received Import Request.
  Time since last request: 14.051519 seconds.
  path: Assets/Art/Sprites/FloorBricksToGrassCorner.png
  artifactKey: Guid(fbea5edb44d245247a127c3ee097961c) Importer(815301076,1909f56bfc062723c751e8b465ee728b)
Start importing Assets/Art/Sprites/FloorBricksToGrassCorner.png using Guid(fbea5edb44d245247a127c3ee097961c) Importer(815301076,1909f56bfc062723c751e8b465ee728b)  -> (artifact id: 'e7b887536f1c602743ba78d355907a70') in 0.041146 seconds 
========================================================================
Received Import Request.
  Time since last request: 7.797216 seconds.
  path: Assets/Art/Sprites/FloorWaterRoundCorners.png
  artifactKey: Guid(fe0c94b42d5b931489010618d8e599f2) Importer(815301076,1909f56bfc062723c751e8b465ee728b)
Start importing Assets/Art/Sprites/FloorWaterRoundCorners.png using Guid(fe0c94b42d5b931489010618d8e599f2) Importer(815301076,1909f56bfc062723c751e8b465ee728b)  -> (artifact id: 'a2df168a6ce7706b7694a0a0d9a07950') in 0.012034 seconds 
========================================================================
Received Import Request.
  Time since last request: 5.555130 seconds.
  path: Assets/Art/Sprites/FloorWaterRoundCorners.png
  artifactKey: Guid(fe0c94b42d5b931489010618d8e599f2) Importer(815301076,1909f56bfc062723c751e8b465ee728b)
Start importing Assets/Art/Sprites/FloorWaterRoundCorners.png using Guid(fe0c94b42d5b931489010618d8e599f2) Importer(815301076,1909f56bfc062723c751e8b465ee728b)  -> (artifact id: 'ae72fedb74d0784fafe6223c251176d5') in 0.011166 seconds 
========================================================================
Received Import Request.
  Time since last request: 5.852010 seconds.
  path: Assets/Art/Sprites/FloorWaterRoundCorners.png
  artifactKey: Guid(fe0c94b42d5b931489010618d8e599f2) Importer(815301076,1909f56bfc062723c751e8b465ee728b)
Start importing Assets/Art/Sprites/FloorWaterRoundCorners.png using Guid(fe0c94b42d5b931489010618d8e599f2) Importer(815301076,1909f56bfc062723c751e8b465ee728b)  -> (artifact id: 'bd536c53e3feddff6f963008227f732f') in 0.042393 seconds 
========================================================================
Received Import Request.
  Time since last request: 22.061974 seconds.
  path: Assets/Art/TilePalette/Rectangular Palette.prefab
  artifactKey: Guid(78682031770004243979f0c9e2876c9c) Importer(815301076,1909f56bfc062723c751e8b465ee728b)
Start importing Assets/Art/TilePalette/Rectangular Palette.prefab using Guid(78682031770004243979f0c9e2876c9c) Importer(815301076,1909f56bfc062723c751e8b465ee728b)  -> (artifact id: 'ba76a182e38576ccfc84e7ae1caa0ab7') in 0.045233 seconds 
========================================================================
Received Import Request.
  Time since last request: 9.382511 seconds.
  path: Assets/Scenes/SampleScene.unity
  artifactKey: Guid(2cda990e2423bbf4892e6590ba056729) Importer(815301076,1909f56bfc062723c751e8b465ee728b)
Start importing Assets/Scenes/SampleScene.unity using Guid(2cda990e2423bbf4892e6590ba056729) Importer(815301076,1909f56bfc062723c751e8b465ee728b)  -> (artifact id: '13a805f14cbc4dd5b1b8d207920df89f') in 0.001465 seconds 
========================================================================
Received Import Request.
  Time since last request: 37.106721 seconds.
  path: Assets/Art/TilePalette/Ground.prefab
  artifactKey: Guid(75e75e35eb0d71047873708c3d300dce) Importer(815301076,1909f56bfc062723c751e8b465ee728b)
Start importing Assets/Art/TilePalette/Ground.prefab using Guid(75e75e35eb0d71047873708c3d300dce) Importer(815301076,1909f56bfc062723c751e8b465ee728b)  -> (artifact id: 'c31e0916a4896d62c0e072c897d6bdad') in 0.009488 seconds 
========================================================================
Received Import Request.
  Time since last request: 7.485070 seconds.
  path: Assets/Art/TilePalette/GroundTalette.prefab
  artifactKey: Guid(75e75e35eb0d71047873708c3d300dce) Importer(815301076,1909f56bfc062723c751e8b465ee728b)
Start importing Assets/Art/TilePalette/GroundTalette.prefab using Guid(75e75e35eb0d71047873708c3d300dce) Importer(815301076,1909f56bfc062723c751e8b465ee728b)  -> (artifact id: '7c786c409a5b51972fc18d3dd19deb97') in 0.009561 seconds 
========================================================================
Received Import Request.
  Time since last request: 17.384257 seconds.
  path: Assets/Art/TilePalette/GroundTalette.prefab
  artifactKey: Guid(75e75e35eb0d71047873708c3d300dce) Importer(815301076,1909f56bfc062723c751e8b465ee728b)
Start importing Assets/Art/TilePalette/GroundTalette.prefab using Guid(75e75e35eb0d71047873708c3d300dce) Importer(815301076,1909f56bfc062723c751e8b465ee728b)  -> (artifact id: '53a16c20422701115027c0e3d4aa9207') in 0.015013 seconds 
========================================================================
Received Import Request.
  Time since last request: 19.606609 seconds.
  path: Assets/Art/TilePalette/GroundTalette.prefab
  artifactKey: Guid(75e75e35eb0d71047873708c3d300dce) Importer(815301076,1909f56bfc062723c751e8b465ee728b)
Start importing Assets/Art/TilePalette/GroundTalette.prefab using Guid(75e75e35eb0d71047873708c3d300dce) Importer(815301076,1909f56bfc062723c751e8b465ee728b)  -> (artifact id: '9d24714d187548adda32f81d0c796958') in 0.012221 seconds 
========================================================================
Received Import Request.
  Time since last request: 5.046928 seconds.
  path: Assets/Art/TilePalette/GroundTalette.prefab
  artifactKey: Guid(75e75e35eb0d71047873708c3d300dce) Importer(815301076,1909f56bfc062723c751e8b465ee728b)
Start importing Assets/Art/TilePalette/GroundTalette.prefab using Guid(75e75e35eb0d71047873708c3d300dce) Importer(815301076,1909f56bfc062723c751e8b465ee728b)  -> (artifact id: '1da8fb15922258fe45650a7d020aecad') in 0.012978 seconds 
========================================================================
Received Import Request.
  Time since last request: 26.814209 seconds.
  path: Assets/Art/Sprites/FloorGrassToBricksCorner.png
  artifactKey: Guid(b5d253241f6082541bd21976837642c1) Importer(815301076,1909f56bfc062723c751e8b465ee728b)
Start importing Assets/Art/Sprites/FloorGrassToBricksCorner.png using Guid(b5d253241f6082541bd21976837642c1) Importer(815301076,1909f56bfc062723c751e8b465ee728b)  -> (artifact id: 'c43825c60269fb5e61f6f6d6c533eb4a') in 0.017437 seconds 
========================================================================
Received Import Request.
  Time since last request: 6.776281 seconds.
  path: Assets/Art/Sprites/FloorGrassToBricksCorner.png
  artifactKey: Guid(b5d253241f6082541bd21976837642c1) Importer(815301076,1909f56bfc062723c751e8b465ee728b)
Start importing Assets/Art/Sprites/FloorGrassToBricksCorner.png using Guid(b5d253241f6082541bd21976837642c1) Importer(815301076,1909f56bfc062723c751e8b465ee728b)  -> (artifact id: 'dca5fd40a2c666e8ec1dbfd69adf5c12') in 0.011179 seconds 
========================================================================
Received Import Request.
  Time since last request: 10.286908 seconds.
  path: Assets/Art/Sprites/FloorGrassToBricksCorner.png
  artifactKey: Guid(b5d253241f6082541bd21976837642c1) Importer(815301076,1909f56bfc062723c751e8b465ee728b)
Start importing Assets/Art/Sprites/FloorGrassToBricksCorner.png using Guid(b5d253241f6082541bd21976837642c1) Importer(815301076,1909f56bfc062723c751e8b465ee728b)  -> (artifact id: 'a30be2ed7b309ea55e28fa4bbe521f57') in 0.036877 seconds 
========================================================================
Received Import Request.
  Time since last request: 137.657078 seconds.
  path: Assets/Art/TilePalette/GroundTalette.prefab
  artifactKey: Guid(75e75e35eb0d71047873708c3d300dce) Importer(815301076,1909f56bfc062723c751e8b465ee728b)
Start importing Assets/Art/TilePalette/GroundTalette.prefab using Guid(75e75e35eb0d71047873708c3d300dce) Importer(815301076,1909f56bfc062723c751e8b465ee728b)  -> (artifact id: '8d8d1c1332c5858d11dcabe79d8d8484') in 0.017707 seconds 
